    OpenRGB v0.9
    Commit:  from 
    Launched: 20240617_213421
====================================================================================================

1006  |Info:    ------------------------------------------------------
1006  |Info:    |               Start device detection               |
1006  |Info:    ------------------------------------------------------
1006  |Info:    Initializing HID interfaces: Success
1012  |Info:    ------------------------------------------------------
1012  |Info:    |             Detecting I2C interfaces               |
1012  |Info:    ------------------------------------------------------
1013  |Info:    Registering I2C interface: /dev/i2c-3 Device 8086:9BC8 Subsystem: 103C:8719
1013  |Info:    Registering I2C interface: /dev/i2c-1 Device 8086:9BC8 Subsystem: 103C:8719
1013  |Warning: [i2c_smbus_linux] Failed to read i2c device PCI device ID
1013  |Info:    Registering I2C interface: /dev/i2c-6 Device 0000:0000 Subsystem: 0000:0000
1013  |Info:    Registering I2C interface: /dev/i2c-4 Device 8086:9BC8 Subsystem: 103C:8719
1013  |Info:    Registering I2C interface: /dev/i2c-2 Device 8086:9BC8 Subsystem: 103C:8719
1013  |Info:    Registering I2C interface: /dev/i2c-0 Device 8086:06A3 Subsystem: 103C:8719
1013  |Warning: [i2c_smbus_linux] Failed to read i2c device PCI device ID
1013  |Info:    Registering I2C interface: /dev/i2c-5 Device 0000:0000 Subsystem: 0000:0000
1013  |Info:    ------------------------------------------------------
1013  |Info:    |               Detecting I2C devices                |
1013  |Info:    ------------------------------------------------------
1408  |Info:    ------------------------------------------------------
1408  |Info:    |               Detecting I2C PCI devices            |
1408  |Info:    ------------------------------------------------------
1409  |Info:    ------------------------------------------------------
1409  |Info:    |               Detecting HID devices                |
1409  |Info:    ------------------------------------------------------
1409  |Info:    [Logitech G512 RGB] Registering RGB controller
1409  |Info:    ------------------------------------------------------
1409  |Info:    |            Detecting libusb HID devices            |
1409  |Info:    ------------------------------------------------------
1416  |Info:    ------------------------------------------------------
1416  |Info:    |              Detecting other devices               |
1416  |Info:    ------------------------------------------------------
1423  |Info:    ------------------------------------------------------
1423  |Info:    |                Detection completed                 |
1423  |Info:    ------------------------------------------------------
