    OpenRGB v0.9
    Commit:  from 
    Launched: 20240403_071450
====================================================================================================

1003  |Info:    ------------------------------------------------------
1003  |Info:    |               Start device detection               |
1003  |Info:    ------------------------------------------------------
1003  |Info:    Initializing HID interfaces: Success
1005  |Info:    ------------------------------------------------------
1005  |Info:    |             Detecting I2C interfaces               |
1005  |Info:    ------------------------------------------------------
1005  |Info:    Registering I2C interface: /dev/i2c-3 Device 8086:9BC8 Subsystem: 103C:8719
1005  |Info:    Registering I2C interface: /dev/i2c-1 Device 8086:9BC8 Subsystem: 103C:8719
1005  |Warning: [i2c_smbus_linux] Failed to read i2c device PCI device ID
1005  |Info:    Registering I2C interface: /dev/i2c-6 Device 0000:0000 Subsystem: 0000:0000
1005  |Info:    Registering I2C interface: /dev/i2c-4 Device 8086:9BC8 Subsystem: 103C:8719
1005  |Info:    Registering I2C interface: /dev/i2c-2 Device 8086:9BC8 Subsystem: 103C:8719
1005  |Info:    Registering I2C interface: /dev/i2c-0 Device 8086:06A3 Subsystem: 103C:8719
1006  |Warning: [i2c_smbus_linux] Failed to read i2c device PCI device ID
1006  |Info:    Registering I2C interface: /dev/i2c-5 Device 0000:0000 Subsystem: 0000:0000
1006  |Info:    ------------------------------------------------------
1006  |Info:    |               Detecting I2C devices                |
1006  |Info:    ------------------------------------------------------
1474  |Info:    ------------------------------------------------------
1474  |Info:    |               Detecting I2C PCI devices            |
1474  |Info:    ------------------------------------------------------
1475  |Info:    ------------------------------------------------------
1475  |Info:    |               Detecting HID devices                |
1475  |Info:    ------------------------------------------------------
1476  |Info:    [Logitech G512 RGB] Registering RGB controller
1476  |Info:    ------------------------------------------------------
1476  |Info:    |            Detecting libusb HID devices            |
1476  |Info:    ------------------------------------------------------
1500  |Info:    ------------------------------------------------------
1500  |Info:    |              Detecting other devices               |
1500  |Info:    ------------------------------------------------------
1520  |Info:    ------------------------------------------------------
1520  |Info:    |                Detection completed                 |
1520  |Info:    ------------------------------------------------------
