    OpenRGB v0.9
    Commit:  from 
    Launched: 20240629_165153
====================================================================================================

1012  |Info:    ------------------------------------------------------
1012  |Info:    |               Start device detection               |
1012  |Info:    ------------------------------------------------------
1013  |Info:    Initializing HID interfaces: Success
1018  |Info:    ------------------------------------------------------
1018  |Info:    |             Detecting I2C interfaces               |
1018  |Info:    ------------------------------------------------------
1026  |Info:    Registering I2C interface: /dev/i2c-3 Device 8086:9BC8 Subsystem: 103C:8719
1026  |Info:    Registering I2C interface: /dev/i2c-1 Device 8086:9BC8 Subsystem: 103C:8719
1026  |Warning: [i2c_smbus_linux] Failed to read i2c device PCI device ID
1027  |Info:    Registering I2C interface: /dev/i2c-6 Device 0000:0000 Subsystem: 0000:0000
1027  |Info:    Registering I2C interface: /dev/i2c-4 Device 8086:9BC8 Subsystem: 103C:8719
1027  |Info:    Registering I2C interface: /dev/i2c-2 Device 8086:9BC8 Subsystem: 103C:8719
1027  |Info:    Registering I2C interface: /dev/i2c-0 Device 8086:06A3 Subsystem: 103C:8719
1027  |Warning: [i2c_smbus_linux] Failed to read i2c device PCI device ID
1027  |Info:    Registering I2C interface: /dev/i2c-5 Device 0000:0000 Subsystem: 0000:0000
1027  |Info:    ------------------------------------------------------
1027  |Info:    |               Detecting I2C devices                |
1027  |Info:    ------------------------------------------------------
1409  |Info:    ------------------------------------------------------
1409  |Info:    |               Detecting I2C PCI devices            |
1409  |Info:    ------------------------------------------------------
1411  |Info:    ------------------------------------------------------
1411  |Info:    |               Detecting HID devices                |
1411  |Info:    ------------------------------------------------------
1411  |Info:    [Logitech G512 RGB] Registering RGB controller
1411  |Info:    ------------------------------------------------------
1411  |Info:    |            Detecting libusb HID devices            |
1411  |Info:    ------------------------------------------------------
1418  |Info:    ------------------------------------------------------
1418  |Info:    |              Detecting other devices               |
1418  |Info:    ------------------------------------------------------
1421  |Info:    ------------------------------------------------------
1421  |Info:    |                Detection completed                 |
1421  |Info:    ------------------------------------------------------
