    OpenRGB v0.9
    Commit:  from 
    Launched: 20240427_165626
====================================================================================================

1015  |Info:    ------------------------------------------------------
1015  |Info:    |               Start device detection               |
1015  |Info:    ------------------------------------------------------
1016  |Info:    Initializing HID interfaces: Success
1024  |Info:    ------------------------------------------------------
1024  |Info:    |             Detecting I2C interfaces               |
1024  |Info:    ------------------------------------------------------
1024  |Info:    Registering I2C interface: /dev/i2c-3 Device 8086:9BC8 Subsystem: 103C:8719
1024  |Info:    Registering I2C interface: /dev/i2c-1 Device 8086:9BC8 Subsystem: 103C:8719
1024  |Warning: [i2c_smbus_linux] Failed to read i2c device PCI device ID
1024  |Info:    Registering I2C interface: /dev/i2c-6 Device 0000:0000 Subsystem: 0000:0000
1024  |Info:    Registering I2C interface: /dev/i2c-4 Device 8086:9BC8 Subsystem: 103C:8719
1025  |Info:    Registering I2C interface: /dev/i2c-2 Device 8086:9BC8 Subsystem: 103C:8719
1025  |Info:    Registering I2C interface: /dev/i2c-0 Device 8086:06A3 Subsystem: 103C:8719
1025  |Warning: [i2c_smbus_linux] Failed to read i2c device PCI device ID
1025  |Info:    Registering I2C interface: /dev/i2c-5 Device 0000:0000 Subsystem: 0000:0000
1025  |Info:    ------------------------------------------------------
1025  |Info:    |               Detecting I2C devices                |
1025  |Info:    ------------------------------------------------------
1535  |Info:    ------------------------------------------------------
1535  |Info:    |               Detecting I2C PCI devices            |
1535  |Info:    ------------------------------------------------------
1535  |Info:    ------------------------------------------------------
1535  |Info:    |               Detecting HID devices                |
1535  |Info:    ------------------------------------------------------
1536  |Info:    [Logitech G512 RGB] Registering RGB controller
1536  |Info:    ------------------------------------------------------
1536  |Info:    |            Detecting libusb HID devices            |
1536  |Info:    ------------------------------------------------------
1558  |Info:    ------------------------------------------------------
1558  |Info:    |              Detecting other devices               |
1558  |Info:    ------------------------------------------------------
1561  |Info:    ------------------------------------------------------
1561  |Info:    |                Detection completed                 |
1561  |Info:    ------------------------------------------------------
