    OpenRGB v0.9
    Commit:  from 
    Launched: 20240507_103304
====================================================================================================

1005  |Info:    ------------------------------------------------------
1005  |Info:    |               Start device detection               |
1005  |Info:    ------------------------------------------------------
1005  |Info:    Initializing HID interfaces: Success
1012  |Info:    ------------------------------------------------------
1012  |Info:    |             Detecting I2C interfaces               |
1012  |Info:    ------------------------------------------------------
1012  |Info:    Registering I2C interface: /dev/i2c-3 Device 8086:9BC8 Subsystem: 103C:8719
1012  |Info:    Registering I2C interface: /dev/i2c-1 Device 8086:9BC8 Subsystem: 103C:8719
1012  |Warning: [i2c_smbus_linux] Failed to read i2c device PCI device ID
1013  |Info:    Registering I2C interface: /dev/i2c-6 Device 0000:0000 Subsystem: 0000:0000
1013  |Info:    Registering I2C interface: /dev/i2c-4 Device 8086:9BC8 Subsystem: 103C:8719
1013  |Info:    Registering I2C interface: /dev/i2c-2 Device 8086:9BC8 Subsystem: 103C:8719
1013  |Info:    Registering I2C interface: /dev/i2c-0 Device 8086:06A3 Subsystem: 103C:8719
1013  |Warning: [i2c_smbus_linux] Failed to read i2c device PCI device ID
1013  |Info:    Registering I2C interface: /dev/i2c-5 Device 0000:0000 Subsystem: 0000:0000
1013  |Info:    ------------------------------------------------------
1013  |Info:    |               Detecting I2C devices                |
1013  |Info:    ------------------------------------------------------
1471  |Info:    ------------------------------------------------------
1471  |Info:    |               Detecting I2C PCI devices            |
1471  |Info:    ------------------------------------------------------
1472  |Info:    ------------------------------------------------------
1472  |Info:    |               Detecting HID devices                |
1472  |Info:    ------------------------------------------------------
1473  |Info:    [Logitech G512 RGB] Registering RGB controller
1473  |Info:    ------------------------------------------------------
1473  |Info:    |            Detecting libusb HID devices            |
1473  |Info:    ------------------------------------------------------
1482  |Info:    ------------------------------------------------------
1482  |Info:    |              Detecting other devices               |
1482  |Info:    ------------------------------------------------------
1488  |Info:    ------------------------------------------------------
1488  |Info:    |                Detection completed                 |
1488  |Info:    ------------------------------------------------------
