    OpenRGB v0.9
    Commit:  from 
    Launched: 20240702_172302
====================================================================================================

1010  |Info:    ------------------------------------------------------
1010  |Info:    |               Start device detection               |
1010  |Info:    ------------------------------------------------------
1010  |Info:    Initializing HID interfaces: Success
1012  |Info:    ------------------------------------------------------
1012  |Info:    |             Detecting I2C interfaces               |
1012  |Info:    ------------------------------------------------------
1015  |Info:    Registering I2C interface: /dev/i2c-3 Device 8086:9BC8 Subsystem: 103C:8719
1015  |Info:    Registering I2C interface: /dev/i2c-1 Device 8086:9BC8 Subsystem: 103C:8719
1015  |Warning: [i2c_smbus_linux] Failed to read i2c device PCI device ID
1015  |Info:    Registering I2C interface: /dev/i2c-6 Device 0000:0000 Subsystem: 0000:0000
1015  |Info:    Registering I2C interface: /dev/i2c-4 Device 8086:9BC8 Subsystem: 103C:8719
1015  |Info:    Registering I2C interface: /dev/i2c-2 Device 8086:9BC8 Subsystem: 103C:8719
1015  |Info:    Registering I2C interface: /dev/i2c-0 Device 8086:06A3 Subsystem: 103C:8719
1015  |Warning: [i2c_smbus_linux] Failed to read i2c device PCI device ID
1015  |Info:    Registering I2C interface: /dev/i2c-5 Device 0000:0000 Subsystem: 0000:0000
1015  |Info:    ------------------------------------------------------
1015  |Info:    |               Detecting I2C devices                |
1015  |Info:    ------------------------------------------------------
1397  |Info:    ------------------------------------------------------
1397  |Info:    |               Detecting I2C PCI devices            |
1397  |Info:    ------------------------------------------------------
1398  |Info:    ------------------------------------------------------
1398  |Info:    |               Detecting HID devices                |
1398  |Info:    ------------------------------------------------------
1398  |Info:    [Logitech G512 RGB] Registering RGB controller
1398  |Info:    ------------------------------------------------------
1398  |Info:    |            Detecting libusb HID devices            |
1399  |Info:    ------------------------------------------------------
1403  |Info:    ------------------------------------------------------
1403  |Info:    |              Detecting other devices               |
1403  |Info:    ------------------------------------------------------
1405  |Info:    ------------------------------------------------------
1405  |Info:    |                Detection completed                 |
1405  |Info:    ------------------------------------------------------
