    OpenRGB v0.9
    Commit:  from 
    Launched: 20240403_071453
====================================================================================================

1004  |Info:    ------------------------------------------------------
1004  |Info:    |               Start device detection               |
1004  |Info:    ------------------------------------------------------
1004  |Info:    Initializing HID interfaces: Success
1006  |Info:    ------------------------------------------------------
1006  |Info:    |             Detecting I2C interfaces               |
1006  |Info:    ------------------------------------------------------
1007  |Info:    Registering I2C interface: /dev/i2c-3 Device 8086:9BC8 Subsystem: 103C:8719
1007  |Info:    Registering I2C interface: /dev/i2c-1 Device 8086:9BC8 Subsystem: 103C:8719
1007  |Warning: [i2c_smbus_linux] Failed to read i2c device PCI device ID
1007  |Info:    Registering I2C interface: /dev/i2c-6 Device 0000:0000 Subsystem: 0000:0000
1007  |Info:    Registering I2C interface: /dev/i2c-4 Device 8086:9BC8 Subsystem: 103C:8719
1007  |Info:    Registering I2C interface: /dev/i2c-2 Device 8086:9BC8 Subsystem: 103C:8719
1007  |Info:    Registering I2C interface: /dev/i2c-0 Device 8086:06A3 Subsystem: 103C:8719
1007  |Warning: [i2c_smbus_linux] Failed to read i2c device PCI device ID
1007  |Info:    Registering I2C interface: /dev/i2c-5 Device 0000:0000 Subsystem: 0000:0000
1007  |Info:    ------------------------------------------------------
1007  |Info:    |               Detecting I2C devices                |
1007  |Info:    ------------------------------------------------------
1482  |Info:    ------------------------------------------------------
1483  |Info:    |               Detecting I2C PCI devices            |
1483  |Info:    ------------------------------------------------------
1484  |Info:    ------------------------------------------------------
1484  |Info:    |               Detecting HID devices                |
1484  |Info:    ------------------------------------------------------
1490  |Info:    [Logitech G512 RGB] Registering RGB controller
1490  |Info:    ------------------------------------------------------
1490  |Info:    |            Detecting libusb HID devices            |
1490  |Info:    ------------------------------------------------------
1517  |Info:    ------------------------------------------------------
1517  |Info:    |              Detecting other devices               |
1517  |Info:    ------------------------------------------------------
1522  |Info:    ------------------------------------------------------
1522  |Info:    |                Detection completed                 |
1522  |Info:    ------------------------------------------------------
