    OpenRGB v0.9
    Commit:  from 
    Launched: 20240427_165608
====================================================================================================

1007  |Info:    ------------------------------------------------------
1007  |Info:    |               Start device detection               |
1007  |Info:    ------------------------------------------------------
1007  |Info:    Initializing HID interfaces: Success
1013  |Info:    ------------------------------------------------------
1014  |Info:    |             Detecting I2C interfaces               |
1014  |Info:    ------------------------------------------------------
1014  |Info:    Registering I2C interface: /dev/i2c-3 Device 8086:9BC8 Subsystem: 103C:8719
1014  |Info:    Registering I2C interface: /dev/i2c-1 Device 8086:9BC8 Subsystem: 103C:8719
1014  |Warning: [i2c_smbus_linux] Failed to read i2c device PCI device ID
1014  |Info:    Registering I2C interface: /dev/i2c-6 Device 0000:0000 Subsystem: 0000:0000
1014  |Info:    Registering I2C interface: /dev/i2c-4 Device 8086:9BC8 Subsystem: 103C:8719
1014  |Info:    Registering I2C interface: /dev/i2c-2 Device 8086:9BC8 Subsystem: 103C:8719
1014  |Info:    Registering I2C interface: /dev/i2c-0 Device 8086:06A3 Subsystem: 103C:8719
1014  |Warning: [i2c_smbus_linux] Failed to read i2c device PCI device ID
1014  |Info:    Registering I2C interface: /dev/i2c-5 Device 0000:0000 Subsystem: 0000:0000
1014  |Info:    ------------------------------------------------------
1014  |Info:    |               Detecting I2C devices                |
1014  |Info:    ------------------------------------------------------
1493  |Info:    ------------------------------------------------------
1493  |Info:    |               Detecting I2C PCI devices            |
1493  |Info:    ------------------------------------------------------
1493  |Info:    ------------------------------------------------------
1493  |Info:    |               Detecting HID devices                |
1493  |Info:    ------------------------------------------------------
1494  |Info:    [Logitech G512 RGB] Registering RGB controller
1494  |Info:    ------------------------------------------------------
1494  |Info:    |            Detecting libusb HID devices            |
1494  |Info:    ------------------------------------------------------
1501  |Info:    ------------------------------------------------------
1501  |Info:    |              Detecting other devices               |
1501  |Info:    ------------------------------------------------------
1507  |Info:    ------------------------------------------------------
1507  |Info:    |                Detection completed                 |
1507  |Info:    ------------------------------------------------------
