    OpenRGB v0.9
    Commit:  from 
    Launched: 20240513_112509
====================================================================================================

1001  |Info:    ------------------------------------------------------
1001  |Info:    |               Start device detection               |
1001  |Info:    ------------------------------------------------------
1002  |Info:    Initializing HID interfaces: Success
1004  |Info:    ------------------------------------------------------
1004  |Info:    |             Detecting I2C interfaces               |
1004  |Info:    ------------------------------------------------------
1004  |Info:    Registering I2C interface: /dev/i2c-3 Device 8086:9BC8 Subsystem: 103C:8719
1004  |Info:    Registering I2C interface: /dev/i2c-1 Device 8086:9BC8 Subsystem: 103C:8719
1004  |Warning: [i2c_smbus_linux] Failed to read i2c device PCI device ID
1004  |Info:    Registering I2C interface: /dev/i2c-6 Device 0000:0000 Subsystem: 0000:0000
1004  |Info:    Registering I2C interface: /dev/i2c-4 Device 8086:9BC8 Subsystem: 103C:8719
1004  |Info:    Registering I2C interface: /dev/i2c-2 Device 8086:9BC8 Subsystem: 103C:8719
1004  |Info:    Registering I2C interface: /dev/i2c-0 Device 8086:06A3 Subsystem: 103C:8719
1004  |Warning: [i2c_smbus_linux] Failed to read i2c device PCI device ID
1004  |Info:    Registering I2C interface: /dev/i2c-5 Device 0000:0000 Subsystem: 0000:0000
1004  |Info:    ------------------------------------------------------
1004  |Info:    |               Detecting I2C devices                |
1004  |Info:    ------------------------------------------------------
1449  |Info:    ------------------------------------------------------
1449  |Info:    |               Detecting I2C PCI devices            |
1449  |Info:    ------------------------------------------------------
1449  |Info:    ------------------------------------------------------
1449  |Info:    |               Detecting HID devices                |
1449  |Info:    ------------------------------------------------------
1449  |Info:    [Logitech G512 RGB] Registering RGB controller
1450  |Info:    ------------------------------------------------------
1450  |Info:    |            Detecting libusb HID devices            |
1450  |Info:    ------------------------------------------------------
1456  |Info:    ------------------------------------------------------
1456  |Info:    |              Detecting other devices               |
1456  |Info:    ------------------------------------------------------
1458  |Info:    ------------------------------------------------------
1458  |Info:    |                Detection completed                 |
1458  |Info:    ------------------------------------------------------
