    OpenRGB v0.9
    Commit:  from 
    Launched: 20240613_160817
====================================================================================================

1008  |Info:    ------------------------------------------------------
1008  |Info:    |               Start device detection               |
1008  |Info:    ------------------------------------------------------
1008  |Info:    Initializing HID interfaces: Success
1012  |Info:    ------------------------------------------------------
1012  |Info:    |             Detecting I2C interfaces               |
1012  |Info:    ------------------------------------------------------
1016  |Info:    Registering I2C interface: /dev/i2c-3 Device 8086:9BC8 Subsystem: 103C:8719
1016  |Info:    Registering I2C interface: /dev/i2c-1 Device 8086:9BC8 Subsystem: 103C:8719
1016  |Warning: [i2c_smbus_linux] Failed to read i2c device PCI device ID
1016  |Info:    Registering I2C interface: /dev/i2c-6 Device 0000:0000 Subsystem: 0000:0000
1016  |Info:    Registering I2C interface: /dev/i2c-4 Device 8086:9BC8 Subsystem: 103C:8719
1016  |Info:    Registering I2C interface: /dev/i2c-2 Device 8086:9BC8 Subsystem: 103C:8719
1017  |Info:    Registering I2C interface: /dev/i2c-0 Device 8086:06A3 Subsystem: 103C:8719
1017  |Warning: [i2c_smbus_linux] Failed to read i2c device PCI device ID
1017  |Info:    Registering I2C interface: /dev/i2c-5 Device 0000:0000 Subsystem: 0000:0000
1017  |Info:    ------------------------------------------------------
1017  |Info:    |               Detecting I2C devices                |
1017  |Info:    ------------------------------------------------------
1435  |Info:    ------------------------------------------------------
1435  |Info:    |               Detecting I2C PCI devices            |
1435  |Info:    ------------------------------------------------------
1435  |Info:    ------------------------------------------------------
1435  |Info:    |               Detecting HID devices                |
1435  |Info:    ------------------------------------------------------
1436  |Info:    [Logitech G512 RGB] Registering RGB controller
1436  |Info:    ------------------------------------------------------
1436  |Info:    |            Detecting libusb HID devices            |
1436  |Info:    ------------------------------------------------------
1446  |Info:    ------------------------------------------------------
1446  |Info:    |              Detecting other devices               |
1446  |Info:    ------------------------------------------------------
1454  |Info:    ------------------------------------------------------
1454  |Info:    |                Detection completed                 |
1454  |Info:    ------------------------------------------------------
