    OpenRGB v0.9
    Commit:  from 
    Launched: 20240427_165653
====================================================================================================

1009  |Info:    ------------------------------------------------------
1009  |Info:    |               Start device detection               |
1009  |Info:    ------------------------------------------------------
1009  |Info:    Initializing HID interfaces: Success
1015  |Info:    ------------------------------------------------------
1015  |Info:    |             Detecting I2C interfaces               |
1015  |Info:    ------------------------------------------------------
1015  |Info:    Registering I2C interface: /dev/i2c-3 Device 8086:9BC8 Subsystem: 103C:8719
1016  |Info:    Registering I2C interface: /dev/i2c-1 Device 8086:9BC8 Subsystem: 103C:8719
1016  |Warning: [i2c_smbus_linux] Failed to read i2c device PCI device ID
1016  |Info:    Registering I2C interface: /dev/i2c-6 Device 0000:0000 Subsystem: 0000:0000
1016  |Info:    Registering I2C interface: /dev/i2c-4 Device 8086:9BC8 Subsystem: 103C:8719
1016  |Info:    Registering I2C interface: /dev/i2c-2 Device 8086:9BC8 Subsystem: 103C:8719
1016  |Info:    Registering I2C interface: /dev/i2c-0 Device 8086:06A3 Subsystem: 103C:8719
1016  |Warning: [i2c_smbus_linux] Failed to read i2c device PCI device ID
1016  |Info:    Registering I2C interface: /dev/i2c-5 Device 0000:0000 Subsystem: 0000:0000
1016  |Info:    ------------------------------------------------------
1016  |Info:    |               Detecting I2C devices                |
1016  |Info:    ------------------------------------------------------
1495  |Info:    ------------------------------------------------------
1495  |Info:    |               Detecting I2C PCI devices            |
1495  |Info:    ------------------------------------------------------
1496  |Info:    ------------------------------------------------------
1496  |Info:    |               Detecting HID devices                |
1496  |Info:    ------------------------------------------------------
1497  |Info:    [Logitech G512 RGB] Registering RGB controller
1497  |Info:    ------------------------------------------------------
1497  |Info:    |            Detecting libusb HID devices            |
1497  |Info:    ------------------------------------------------------
1505  |Info:    ------------------------------------------------------
1505  |Info:    |              Detecting other devices               |
1505  |Info:    ------------------------------------------------------
1510  |Info:    ------------------------------------------------------
1510  |Info:    |                Detection completed                 |
1510  |Info:    ------------------------------------------------------
