    OpenRGB v0.9
    Commit:  from 
    Launched: 20240403_071500
====================================================================================================

1045  |Info:    ------------------------------------------------------
1045  |Info:    |               Start device detection               |
1045  |Info:    ------------------------------------------------------
1046  |Info:    Initializing HID interfaces: Success
1049  |Info:    ------------------------------------------------------
1049  |Info:    |             Detecting I2C interfaces               |
1049  |Info:    ------------------------------------------------------
1050  |Info:    Registering I2C interface: /dev/i2c-3 Device 8086:9BC8 Subsystem: 103C:8719
1050  |Info:    Registering I2C interface: /dev/i2c-1 Device 8086:9BC8 Subsystem: 103C:8719
1051  |Warning: [i2c_smbus_linux] Failed to read i2c device PCI device ID
1051  |Info:    Registering I2C interface: /dev/i2c-6 Device 0000:0000 Subsystem: 0000:0000
1051  |Info:    Registering I2C interface: /dev/i2c-4 Device 8086:9BC8 Subsystem: 103C:8719
1051  |Info:    Registering I2C interface: /dev/i2c-2 Device 8086:9BC8 Subsystem: 103C:8719
1051  |Info:    Registering I2C interface: /dev/i2c-0 Device 8086:06A3 Subsystem: 103C:8719
1051  |Warning: [i2c_smbus_linux] Failed to read i2c device PCI device ID
1051  |Info:    Registering I2C interface: /dev/i2c-5 Device 0000:0000 Subsystem: 0000:0000
1051  |Info:    ------------------------------------------------------
1051  |Info:    |               Detecting I2C devices                |
1051  |Info:    ------------------------------------------------------
1535  |Info:    ------------------------------------------------------
1535  |Info:    |               Detecting I2C PCI devices            |
1535  |Info:    ------------------------------------------------------
1536  |Info:    ------------------------------------------------------
1536  |Info:    |               Detecting HID devices                |
1536  |Info:    ------------------------------------------------------
1544  |Info:    [Logitech G512 RGB] Registering RGB controller
1544  |Info:    ------------------------------------------------------
1544  |Info:    |            Detecting libusb HID devices            |
1544  |Info:    ------------------------------------------------------
1658  |Info:    ------------------------------------------------------
1658  |Info:    |              Detecting other devices               |
1658  |Info:    ------------------------------------------------------
1668  |Info:    ------------------------------------------------------
1668  |Info:    |                Detection completed                 |
1668  |Info:    ------------------------------------------------------
