    OpenRGB v0.9
    Commit:  from 
    Launched: 20240403_071451
====================================================================================================

1034  |Info:    ------------------------------------------------------
1034  |Info:    |               Start device detection               |
1034  |Info:    ------------------------------------------------------
1035  |Info:    Initializing HID interfaces: Success
1055  |Info:    ------------------------------------------------------
1055  |Info:    |             Detecting I2C interfaces               |
1055  |Info:    ------------------------------------------------------
1056  |Info:    Registering I2C interface: /dev/i2c-3 Device 8086:9BC8 Subsystem: 103C:8719
1056  |Info:    Registering I2C interface: /dev/i2c-1 Device 8086:9BC8 Subsystem: 103C:8719
1057  |Warning: [i2c_smbus_linux] Failed to read i2c device PCI device ID
1059  |Info:    Registering I2C interface: /dev/i2c-6 Device 0000:0000 Subsystem: 0000:0000
1060  |Info:    Registering I2C interface: /dev/i2c-4 Device 8086:9BC8 Subsystem: 103C:8719
1060  |Info:    Registering I2C interface: /dev/i2c-2 Device 8086:9BC8 Subsystem: 103C:8719
1060  |Info:    Registering I2C interface: /dev/i2c-0 Device 8086:06A3 Subsystem: 103C:8719
1060  |Warning: [i2c_smbus_linux] Failed to read i2c device PCI device ID
1063  |Info:    Registering I2C interface: /dev/i2c-5 Device 0000:0000 Subsystem: 0000:0000
1063  |Info:    ------------------------------------------------------
1063  |Info:    |               Detecting I2C devices                |
1063  |Info:    ------------------------------------------------------
1542  |Info:    ------------------------------------------------------
1542  |Info:    |               Detecting I2C PCI devices            |
1542  |Info:    ------------------------------------------------------
1543  |Info:    ------------------------------------------------------
1543  |Info:    |               Detecting HID devices                |
1543  |Info:    ------------------------------------------------------
1546  |Info:    [Logitech G512 RGB] Registering RGB controller
1546  |Info:    ------------------------------------------------------
1546  |Info:    |            Detecting libusb HID devices            |
1546  |Info:    ------------------------------------------------------
1555  |Info:    ------------------------------------------------------
1555  |Info:    |              Detecting other devices               |
1555  |Info:    ------------------------------------------------------
1559  |Info:    ------------------------------------------------------
1559  |Info:    |                Detection completed                 |
1559  |Info:    ------------------------------------------------------
