    OpenRGB v0.9
    Commit:  from 
    Launched: 20240525_160342
====================================================================================================

1001  |Info:    ------------------------------------------------------
1001  |Info:    |               Start device detection               |
1001  |Info:    ------------------------------------------------------
1001  |Info:    Initializing HID interfaces: Success
1003  |Info:    ------------------------------------------------------
1003  |Info:    |             Detecting I2C interfaces               |
1003  |Info:    ------------------------------------------------------
1003  |Info:    Registering I2C interface: /dev/i2c-3 Device 8086:9BC8 Subsystem: 103C:8719
1003  |Info:    Registering I2C interface: /dev/i2c-1 Device 8086:9BC8 Subsystem: 103C:8719
1003  |Warning: [i2c_smbus_linux] Failed to read i2c device PCI device ID
1003  |Info:    Registering I2C interface: /dev/i2c-6 Device 0000:0000 Subsystem: 0000:0000
1003  |Info:    Registering I2C interface: /dev/i2c-4 Device 8086:9BC8 Subsystem: 103C:8719
1003  |Info:    Registering I2C interface: /dev/i2c-2 Device 8086:9BC8 Subsystem: 103C:8719
1003  |Info:    Registering I2C interface: /dev/i2c-0 Device 8086:06A3 Subsystem: 103C:8719
1003  |Warning: [i2c_smbus_linux] Failed to read i2c device PCI device ID
1003  |Info:    Registering I2C interface: /dev/i2c-5 Device 0000:0000 Subsystem: 0000:0000
1003  |Info:    ------------------------------------------------------
1003  |Info:    |               Detecting I2C devices                |
1003  |Info:    ------------------------------------------------------
1450  |Info:    ------------------------------------------------------
1450  |Info:    |               Detecting I2C PCI devices            |
1450  |Info:    ------------------------------------------------------
1450  |Info:    ------------------------------------------------------
1450  |Info:    |               Detecting HID devices                |
1450  |Info:    ------------------------------------------------------
1450  |Info:    [Logitech G512 RGB] Registering RGB controller
1451  |Info:    ------------------------------------------------------
1451  |Info:    |            Detecting libusb HID devices            |
1451  |Info:    ------------------------------------------------------
1455  |Info:    ------------------------------------------------------
1455  |Info:    |              Detecting other devices               |
1455  |Info:    ------------------------------------------------------
1457  |Info:    ------------------------------------------------------
1457  |Info:    |                Detection completed                 |
1457  |Info:    ------------------------------------------------------
