    OpenRGB v0.9
    Commit:  from 
    Launched: 20240403_071503
====================================================================================================

1013  |Info:    ------------------------------------------------------
1013  |Info:    |               Start device detection               |
1013  |Info:    ------------------------------------------------------
1013  |Info:    Initializing HID interfaces: Success
1028  |Info:    ------------------------------------------------------
1028  |Info:    |             Detecting I2C interfaces               |
1028  |Info:    ------------------------------------------------------
1032  |Info:    Registering I2C interface: /dev/i2c-3 Device 8086:9BC8 Subsystem: 103C:8719
1032  |Info:    Registering I2C interface: /dev/i2c-1 Device 8086:9BC8 Subsystem: 103C:8719
1032  |Warning: [i2c_smbus_linux] Failed to read i2c device PCI device ID
1034  |Info:    Registering I2C interface: /dev/i2c-6 Device 0000:0000 Subsystem: 0000:0000
1034  |Info:    Registering I2C interface: /dev/i2c-4 Device 8086:9BC8 Subsystem: 103C:8719
1034  |Info:    Registering I2C interface: /dev/i2c-2 Device 8086:9BC8 Subsystem: 103C:8719
1034  |Info:    Registering I2C interface: /dev/i2c-0 Device 8086:06A3 Subsystem: 103C:8719
1034  |Warning: [i2c_smbus_linux] Failed to read i2c device PCI device ID
1035  |Info:    Registering I2C interface: /dev/i2c-5 Device 0000:0000 Subsystem: 0000:0000
1035  |Info:    ------------------------------------------------------
1035  |Info:    |               Detecting I2C devices                |
1035  |Info:    ------------------------------------------------------
1510  |Info:    ------------------------------------------------------
1510  |Info:    |               Detecting I2C PCI devices            |
1510  |Info:    ------------------------------------------------------
1510  |Info:    ------------------------------------------------------
1510  |Info:    |               Detecting HID devices                |
1510  |Info:    ------------------------------------------------------
1512  |Info:    [Logitech G512 RGB] Registering RGB controller
1512  |Info:    ------------------------------------------------------
1512  |Info:    |            Detecting libusb HID devices            |
1512  |Info:    ------------------------------------------------------
1533  |Info:    ------------------------------------------------------
1533  |Info:    |              Detecting other devices               |
1533  |Info:    ------------------------------------------------------
1538  |Info:    ------------------------------------------------------
1539  |Info:    |                Detection completed                 |
1539  |Info:    ------------------------------------------------------
