    OpenRGB v0.9
    Commit:  from 
    Launched: 20240423_063839
====================================================================================================

1006  |Info:    ------------------------------------------------------
1006  |Info:    |               Start device detection               |
1006  |Info:    ------------------------------------------------------
1007  |Info:    Initializing HID interfaces: Success
1011  |Info:    ------------------------------------------------------
1011  |Info:    |             Detecting I2C interfaces               |
1011  |Info:    ------------------------------------------------------
1011  |Info:    Registering I2C interface: /dev/i2c-3 Device 8086:9BC8 Subsystem: 103C:8719
1011  |Info:    Registering I2C interface: /dev/i2c-1 Device 8086:9BC8 Subsystem: 103C:8719
1011  |Warning: [i2c_smbus_linux] Failed to read i2c device PCI device ID
1011  |Info:    Registering I2C interface: /dev/i2c-6 Device 0000:0000 Subsystem: 0000:0000
1011  |Info:    Registering I2C interface: /dev/i2c-4 Device 8086:9BC8 Subsystem: 103C:8719
1012  |Info:    Registering I2C interface: /dev/i2c-2 Device 8086:9BC8 Subsystem: 103C:8719
1012  |Info:    Registering I2C interface: /dev/i2c-0 Device 8086:06A3 Subsystem: 103C:8719
1012  |Warning: [i2c_smbus_linux] Failed to read i2c device PCI device ID
1012  |Info:    Registering I2C interface: /dev/i2c-5 Device 0000:0000 Subsystem: 0000:0000
1012  |Info:    ------------------------------------------------------
1012  |Info:    |               Detecting I2C devices                |
1012  |Info:    ------------------------------------------------------
1469  |Info:    ------------------------------------------------------
1469  |Info:    |               Detecting I2C PCI devices            |
1469  |Info:    ------------------------------------------------------
1470  |Info:    ------------------------------------------------------
1470  |Info:    |               Detecting HID devices                |
1470  |Info:    ------------------------------------------------------
1470  |Info:    [Logitech G512 RGB] Registering RGB controller
1470  |Info:    ------------------------------------------------------
1470  |Info:    |            Detecting libusb HID devices            |
1470  |Info:    ------------------------------------------------------
1477  |Info:    ------------------------------------------------------
1477  |Info:    |              Detecting other devices               |
1477  |Info:    ------------------------------------------------------
1481  |Info:    ------------------------------------------------------
1481  |Info:    |                Detection completed                 |
1481  |Info:    ------------------------------------------------------
