    OpenRGB v0.9
    Commit:  from 
    Launched: 20240617_213447
====================================================================================================

1005  |Info:    ------------------------------------------------------
1005  |Info:    |               Start device detection               |
1005  |Info:    ------------------------------------------------------
1005  |Info:    Initializing HID interfaces: Success
1022  |Info:    ------------------------------------------------------
1023  |Info:    |             Detecting I2C interfaces               |
1023  |Info:    ------------------------------------------------------
1025  |Info:    Registering I2C interface: /dev/i2c-3 Device 8086:9BC8 Subsystem: 103C:8719
1026  |Info:    Registering I2C interface: /dev/i2c-1 Device 8086:9BC8 Subsystem: 103C:8719
1026  |Warning: [i2c_smbus_linux] Failed to read i2c device PCI device ID
1026  |Info:    Registering I2C interface: /dev/i2c-6 Device 0000:0000 Subsystem: 0000:0000
1026  |Info:    Registering I2C interface: /dev/i2c-4 Device 8086:9BC8 Subsystem: 103C:8719
1026  |Info:    Registering I2C interface: /dev/i2c-2 Device 8086:9BC8 Subsystem: 103C:8719
1027  |Info:    Registering I2C interface: /dev/i2c-0 Device 8086:06A3 Subsystem: 103C:8719
1027  |Warning: [i2c_smbus_linux] Failed to read i2c device PCI device ID
1029  |Info:    Registering I2C interface: /dev/i2c-5 Device 0000:0000 Subsystem: 0000:0000
1029  |Info:    ------------------------------------------------------
1029  |Info:    |               Detecting I2C devices                |
1029  |Info:    ------------------------------------------------------
1428  |Info:    ------------------------------------------------------
1428  |Info:    |               Detecting I2C PCI devices            |
1428  |Info:    ------------------------------------------------------
1429  |Info:    ------------------------------------------------------
1429  |Info:    |               Detecting HID devices                |
1429  |Info:    ------------------------------------------------------
1429  |Info:    [Logitech G512 RGB] Registering RGB controller
1429  |Info:    ------------------------------------------------------
1429  |Info:    |            Detecting libusb HID devices            |
1429  |Info:    ------------------------------------------------------
1438  |Info:    ------------------------------------------------------
1438  |Info:    |              Detecting other devices               |
1438  |Info:    ------------------------------------------------------
1442  |Info:    ------------------------------------------------------
1442  |Info:    |                Detection completed                 |
1442  |Info:    ------------------------------------------------------
