    OpenRGB v0.9
    Commit:  from 
    Launched: 20240617_213449
====================================================================================================

1004  |Info:    ------------------------------------------------------
1004  |Info:    |               Start device detection               |
1004  |Info:    ------------------------------------------------------
1004  |Info:    Initializing HID interfaces: Success
1006  |Info:    ------------------------------------------------------
1006  |Info:    |             Detecting I2C interfaces               |
1006  |Info:    ------------------------------------------------------
1006  |Info:    Registering I2C interface: /dev/i2c-3 Device 8086:9BC8 Subsystem: 103C:8719
1006  |Info:    Registering I2C interface: /dev/i2c-1 Device 8086:9BC8 Subsystem: 103C:8719
1006  |Warning: [i2c_smbus_linux] Failed to read i2c device PCI device ID
1006  |Info:    Registering I2C interface: /dev/i2c-6 Device 0000:0000 Subsystem: 0000:0000
1006  |Info:    Registering I2C interface: /dev/i2c-4 Device 8086:9BC8 Subsystem: 103C:8719
1006  |Info:    Registering I2C interface: /dev/i2c-2 Device 8086:9BC8 Subsystem: 103C:8719
1006  |Info:    Registering I2C interface: /dev/i2c-0 Device 8086:06A3 Subsystem: 103C:8719
1006  |Warning: [i2c_smbus_linux] Failed to read i2c device PCI device ID
1006  |Info:    Registering I2C interface: /dev/i2c-5 Device 0000:0000 Subsystem: 0000:0000
1006  |Info:    ------------------------------------------------------
1006  |Info:    |               Detecting I2C devices                |
1006  |Info:    ------------------------------------------------------
1395  |Info:    ------------------------------------------------------
1395  |Info:    |               Detecting I2C PCI devices            |
1395  |Info:    ------------------------------------------------------
1398  |Info:    ------------------------------------------------------
1398  |Info:    |               Detecting HID devices                |
1398  |Info:    ------------------------------------------------------
1402  |Info:    [Logitech G512 RGB] Registering RGB controller
1402  |Info:    ------------------------------------------------------
1402  |Info:    |            Detecting libusb HID devices            |
1402  |Info:    ------------------------------------------------------
1410  |Info:    ------------------------------------------------------
1410  |Info:    |              Detecting other devices               |
1410  |Info:    ------------------------------------------------------
1413  |Info:    ------------------------------------------------------
1413  |Info:    |                Detection completed                 |
1413  |Info:    ------------------------------------------------------
