    OpenRGB v0.9
    Commit:  from 
    Launched: 20240403_071517
====================================================================================================

1013  |Info:    ------------------------------------------------------
1013  |Info:    |               Start device detection               |
1013  |Info:    ------------------------------------------------------
1013  |Info:    Initializing HID interfaces: Success
1018  |Info:    ------------------------------------------------------
1018  |Info:    |             Detecting I2C interfaces               |
1018  |Info:    ------------------------------------------------------
1019  |Info:    Registering I2C interface: /dev/i2c-3 Device 8086:9BC8 Subsystem: 103C:8719
1019  |Info:    Registering I2C interface: /dev/i2c-1 Device 8086:9BC8 Subsystem: 103C:8719
1019  |Warning: [i2c_smbus_linux] Failed to read i2c device PCI device ID
1019  |Info:    Registering I2C interface: /dev/i2c-6 Device 0000:0000 Subsystem: 0000:0000
1019  |Info:    Registering I2C interface: /dev/i2c-4 Device 8086:9BC8 Subsystem: 103C:8719
1019  |Info:    Registering I2C interface: /dev/i2c-2 Device 8086:9BC8 Subsystem: 103C:8719
1019  |Info:    Registering I2C interface: /dev/i2c-0 Device 8086:06A3 Subsystem: 103C:8719
1019  |Warning: [i2c_smbus_linux] Failed to read i2c device PCI device ID
1019  |Info:    Registering I2C interface: /dev/i2c-5 Device 0000:0000 Subsystem: 0000:0000
1019  |Info:    ------------------------------------------------------
1019  |Info:    |               Detecting I2C devices                |
1019  |Info:    ------------------------------------------------------
1477  |Info:    ------------------------------------------------------
1477  |Info:    |               Detecting I2C PCI devices            |
1477  |Info:    ------------------------------------------------------
1478  |Info:    ------------------------------------------------------
1478  |Info:    |               Detecting HID devices                |
1478  |Info:    ------------------------------------------------------
1478  |Info:    [Logitech G512 RGB] Registering RGB controller
1478  |Info:    ------------------------------------------------------
1478  |Info:    |            Detecting libusb HID devices            |
1478  |Info:    ------------------------------------------------------
1523  |Info:    ------------------------------------------------------
1523  |Info:    |              Detecting other devices               |
1523  |Info:    ------------------------------------------------------
1528  |Info:    ------------------------------------------------------
1528  |Info:    |                Detection completed                 |
1528  |Info:    ------------------------------------------------------
