    OpenRGB v0.9
    Commit:  from 
    Launched: 20240507_103344
====================================================================================================

1002  |Info:    ------------------------------------------------------
1002  |Info:    |               Start device detection               |
1002  |Info:    ------------------------------------------------------
1002  |Info:    Initializing HID interfaces: Success
1007  |Info:    ------------------------------------------------------
1007  |Info:    |             Detecting I2C interfaces               |
1007  |Info:    ------------------------------------------------------
1007  |Info:    Registering I2C interface: /dev/i2c-3 Device 8086:9BC8 Subsystem: 103C:8719
1007  |Info:    Registering I2C interface: /dev/i2c-1 Device 8086:9BC8 Subsystem: 103C:8719
1007  |Warning: [i2c_smbus_linux] Failed to read i2c device PCI device ID
1007  |Info:    Registering I2C interface: /dev/i2c-6 Device 0000:0000 Subsystem: 0000:0000
1007  |Info:    Registering I2C interface: /dev/i2c-4 Device 8086:9BC8 Subsystem: 103C:8719
1007  |Info:    Registering I2C interface: /dev/i2c-2 Device 8086:9BC8 Subsystem: 103C:8719
1008  |Info:    Registering I2C interface: /dev/i2c-0 Device 8086:06A3 Subsystem: 103C:8719
1008  |Warning: [i2c_smbus_linux] Failed to read i2c device PCI device ID
1008  |Info:    Registering I2C interface: /dev/i2c-5 Device 0000:0000 Subsystem: 0000:0000
1008  |Info:    ------------------------------------------------------
1008  |Info:    |               Detecting I2C devices                |
1008  |Info:    ------------------------------------------------------
1452  |Info:    ------------------------------------------------------
1452  |Info:    |               Detecting I2C PCI devices            |
1452  |Info:    ------------------------------------------------------
1453  |Info:    ------------------------------------------------------
1453  |Info:    |               Detecting HID devices                |
1453  |Info:    ------------------------------------------------------
1454  |Info:    [Logitech G512 RGB] Registering RGB controller
1454  |Info:    ------------------------------------------------------
1454  |Info:    |            Detecting libusb HID devices            |
1454  |Info:    ------------------------------------------------------
1460  |Info:    ------------------------------------------------------
1460  |Info:    |              Detecting other devices               |
1460  |Info:    ------------------------------------------------------
1461  |Info:    ------------------------------------------------------
1461  |Info:    |                Detection completed                 |
1461  |Info:    ------------------------------------------------------
