    OpenRGB v0.9
    Commit:  from 
    Launched: 20240422_145553
====================================================================================================

1002  |Info:    ------------------------------------------------------
1002  |Info:    |               Start device detection               |
1002  |Info:    ------------------------------------------------------
1003  |Info:    Initializing HID interfaces: Success
1005  |Info:    ------------------------------------------------------
1005  |Info:    |             Detecting I2C interfaces               |
1005  |Info:    ------------------------------------------------------
1005  |Info:    Registering I2C interface: /dev/i2c-3 Device 8086:9BC8 Subsystem: 103C:8719
1005  |Info:    Registering I2C interface: /dev/i2c-1 Device 8086:9BC8 Subsystem: 103C:8719
1005  |Warning: [i2c_smbus_linux] Failed to read i2c device PCI device ID
1005  |Info:    Registering I2C interface: /dev/i2c-6 Device 0000:0000 Subsystem: 0000:0000
1005  |Info:    Registering I2C interface: /dev/i2c-4 Device 8086:9BC8 Subsystem: 103C:8719
1005  |Info:    Registering I2C interface: /dev/i2c-2 Device 8086:9BC8 Subsystem: 103C:8719
1005  |Info:    Registering I2C interface: /dev/i2c-0 Device 8086:06A3 Subsystem: 103C:8719
1005  |Warning: [i2c_smbus_linux] Failed to read i2c device PCI device ID
1005  |Info:    Registering I2C interface: /dev/i2c-5 Device 0000:0000 Subsystem: 0000:0000
1005  |Info:    ------------------------------------------------------
1005  |Info:    |               Detecting I2C devices                |
1005  |Info:    ------------------------------------------------------
1449  |Info:    ------------------------------------------------------
1449  |Info:    |               Detecting I2C PCI devices            |
1449  |Info:    ------------------------------------------------------
1449  |Info:    ------------------------------------------------------
1449  |Info:    |               Detecting HID devices                |
1449  |Info:    ------------------------------------------------------
1449  |Info:    [Logitech G512 RGB] Registering RGB controller
1449  |Info:    ------------------------------------------------------
1449  |Info:    |            Detecting libusb HID devices            |
1449  |Info:    ------------------------------------------------------
1455  |Info:    ------------------------------------------------------
1455  |Info:    |              Detecting other devices               |
1455  |Info:    ------------------------------------------------------
1457  |Info:    ------------------------------------------------------
1457  |Info:    |                Detection completed                 |
1457  |Info:    ------------------------------------------------------
