    OpenRGB v0.9
    Commit:  from 
    Launched: 20240427_165634
====================================================================================================

1016  |Info:    ------------------------------------------------------
1016  |Info:    |               Start device detection               |
1016  |Info:    ------------------------------------------------------
1016  |Info:    Initializing HID interfaces: Success
1020  |Info:    ------------------------------------------------------
1020  |Info:    |             Detecting I2C interfaces               |
1020  |Info:    ------------------------------------------------------
1022  |Info:    Registering I2C interface: /dev/i2c-3 Device 8086:9BC8 Subsystem: 103C:8719
1022  |Info:    Registering I2C interface: /dev/i2c-1 Device 8086:9BC8 Subsystem: 103C:8719
1022  |Warning: [i2c_smbus_linux] Failed to read i2c device PCI device ID
1022  |Info:    Registering I2C interface: /dev/i2c-6 Device 0000:0000 Subsystem: 0000:0000
1022  |Info:    Registering I2C interface: /dev/i2c-4 Device 8086:9BC8 Subsystem: 103C:8719
1022  |Info:    Registering I2C interface: /dev/i2c-2 Device 8086:9BC8 Subsystem: 103C:8719
1022  |Info:    Registering I2C interface: /dev/i2c-0 Device 8086:06A3 Subsystem: 103C:8719
1022  |Warning: [i2c_smbus_linux] Failed to read i2c device PCI device ID
1022  |Info:    Registering I2C interface: /dev/i2c-5 Device 0000:0000 Subsystem: 0000:0000
1022  |Info:    ------------------------------------------------------
1022  |Info:    |               Detecting I2C devices                |
1022  |Info:    ------------------------------------------------------
1529  |Info:    ------------------------------------------------------
1529  |Info:    |               Detecting I2C PCI devices            |
1529  |Info:    ------------------------------------------------------
1530  |Info:    ------------------------------------------------------
1530  |Info:    |               Detecting HID devices                |
1530  |Info:    ------------------------------------------------------
1531  |Info:    [Logitech G512 RGB] Registering RGB controller
1531  |Info:    ------------------------------------------------------
1531  |Info:    |            Detecting libusb HID devices            |
1531  |Info:    ------------------------------------------------------
1557  |Info:    ------------------------------------------------------
1557  |Info:    |              Detecting other devices               |
1557  |Info:    ------------------------------------------------------
1563  |Info:    ------------------------------------------------------
1563  |Info:    |                Detection completed                 |
1563  |Info:    ------------------------------------------------------
