    OpenRGB v0.9
    Commit:  from 
    Launched: 20240617_213352
====================================================================================================

1003  |Info:    ------------------------------------------------------
1003  |Info:    |               Start device detection               |
1003  |Info:    ------------------------------------------------------
1004  |Info:    Initializing HID interfaces: Success
1011  |Info:    ------------------------------------------------------
1011  |Info:    |             Detecting I2C interfaces               |
1011  |Info:    ------------------------------------------------------
1012  |Info:    Registering I2C interface: /dev/i2c-3 Device 8086:9BC8 Subsystem: 103C:8719
1012  |Info:    Registering I2C interface: /dev/i2c-1 Device 8086:9BC8 Subsystem: 103C:8719
1012  |Warning: [i2c_smbus_linux] Failed to read i2c device PCI device ID
1012  |Info:    Registering I2C interface: /dev/i2c-6 Device 0000:0000 Subsystem: 0000:0000
1013  |Info:    Registering I2C interface: /dev/i2c-4 Device 8086:9BC8 Subsystem: 103C:8719
1013  |Info:    Registering I2C interface: /dev/i2c-2 Device 8086:9BC8 Subsystem: 103C:8719
1013  |Info:    Registering I2C interface: /dev/i2c-0 Device 8086:06A3 Subsystem: 103C:8719
1013  |Warning: [i2c_smbus_linux] Failed to read i2c device PCI device ID
1013  |Info:    Registering I2C interface: /dev/i2c-5 Device 0000:0000 Subsystem: 0000:0000
1013  |Info:    ------------------------------------------------------
1013  |Info:    |               Detecting I2C devices                |
1013  |Info:    ------------------------------------------------------
1401  |Info:    ------------------------------------------------------
1401  |Info:    |               Detecting I2C PCI devices            |
1401  |Info:    ------------------------------------------------------
1404  |Info:    ------------------------------------------------------
1404  |Info:    |               Detecting HID devices                |
1404  |Info:    ------------------------------------------------------
1405  |Info:    [Logitech G512 RGB] Registering RGB controller
1405  |Info:    ------------------------------------------------------
1405  |Info:    |            Detecting libusb HID devices            |
1405  |Info:    ------------------------------------------------------
1418  |Info:    ------------------------------------------------------
1418  |Info:    |              Detecting other devices               |
1418  |Info:    ------------------------------------------------------
1427  |Info:    ------------------------------------------------------
1427  |Info:    |                Detection completed                 |
1427  |Info:    ------------------------------------------------------
