    OpenRGB v0.9
    Commit:  from 
    Launched: 20240717_073251
====================================================================================================

1003  |Info:    ------------------------------------------------------
1003  |Info:    |               Start device detection               |
1003  |Info:    ------------------------------------------------------
1003  |Info:    Initializing HID interfaces: Success
1009  |Info:    ------------------------------------------------------
1009  |Info:    |             Detecting I2C interfaces               |
1009  |Info:    ------------------------------------------------------
1010  |Info:    Registering I2C interface: /dev/i2c-3 Device 8086:9BC8 Subsystem: 103C:8719
1010  |Info:    Registering I2C interface: /dev/i2c-1 Device 8086:9BC8 Subsystem: 103C:8719
1010  |Warning: [i2c_smbus_linux] Failed to read i2c device PCI device ID
1010  |Info:    Registering I2C interface: /dev/i2c-6 Device 0000:0000 Subsystem: 0000:0000
1010  |Info:    Registering I2C interface: /dev/i2c-4 Device 8086:9BC8 Subsystem: 103C:8719
1010  |Info:    Registering I2C interface: /dev/i2c-2 Device 8086:9BC8 Subsystem: 103C:8719
1011  |Info:    Registering I2C interface: /dev/i2c-0 Device 8086:06A3 Subsystem: 103C:8719
1011  |Warning: [i2c_smbus_linux] Failed to read i2c device PCI device ID
1011  |Info:    Registering I2C interface: /dev/i2c-5 Device 0000:0000 Subsystem: 0000:0000
1011  |Info:    ------------------------------------------------------
1011  |Info:    |               Detecting I2C devices                |
1011  |Info:    ------------------------------------------------------
1396  |Info:    ------------------------------------------------------
1396  |Info:    |               Detecting I2C PCI devices            |
1396  |Info:    ------------------------------------------------------
1397  |Info:    ------------------------------------------------------
1397  |Info:    |               Detecting HID devices                |
1397  |Info:    ------------------------------------------------------
1397  |Info:    [Logitech G512 RGB] Registering RGB controller
1397  |Info:    ------------------------------------------------------
1397  |Info:    |            Detecting libusb HID devices            |
1397  |Info:    ------------------------------------------------------
1403  |Info:    ------------------------------------------------------
1403  |Info:    |              Detecting other devices               |
1403  |Info:    ------------------------------------------------------
1405  |Info:    ------------------------------------------------------
1405  |Info:    |                Detection completed                 |
1405  |Info:    ------------------------------------------------------
