    OpenRGB v0.9
    Commit:  from 
    Launched: 20240318_083738
====================================================================================================

1008  |Info:    ------------------------------------------------------
1009  |Info:    |               Start device detection               |
1009  |Info:    ------------------------------------------------------
1010  |Info:    Initializing HID interfaces: Success
1021  |Info:    ------------------------------------------------------
1021  |Info:    |             Detecting I2C interfaces               |
1021  |Info:    ------------------------------------------------------
1021  |Info:    Registering I2C interface: /dev/i2c-3 Device 8086:9BC8 Subsystem: 103C:8719
1021  |Info:    Registering I2C interface: /dev/i2c-1 Device 8086:9BC8 Subsystem: 103C:8719
1021  |Warning: [i2c_smbus_linux] Failed to read i2c device PCI device ID
1022  |Info:    Registering I2C interface: /dev/i2c-6 Device 0000:0000 Subsystem: 0000:0000
1022  |Info:    Registering I2C interface: /dev/i2c-4 Device 8086:9BC8 Subsystem: 103C:8719
1022  |Info:    Registering I2C interface: /dev/i2c-2 Device 8086:9BC8 Subsystem: 103C:8719
1022  |Info:    Registering I2C interface: /dev/i2c-0 Device 8086:06A3 Subsystem: 103C:8719
1022  |Warning: [i2c_smbus_linux] Failed to read i2c device PCI device ID
1022  |Info:    Registering I2C interface: /dev/i2c-5 Device 0000:0000 Subsystem: 0000:0000
1022  |Info:    ------------------------------------------------------
1022  |Info:    |               Detecting I2C devices                |
1022  |Info:    ------------------------------------------------------
1497  |Info:    ------------------------------------------------------
1497  |Info:    |               Detecting I2C PCI devices            |
1497  |Info:    ------------------------------------------------------
1498  |Info:    ------------------------------------------------------
1498  |Info:    |               Detecting HID devices                |
1498  |Info:    ------------------------------------------------------
1498  |Info:    [Logitech G512 RGB] Registering RGB controller
1498  |Info:    ------------------------------------------------------
1498  |Info:    |            Detecting libusb HID devices            |
1498  |Info:    ------------------------------------------------------
1503  |Info:    ------------------------------------------------------
1503  |Info:    |              Detecting other devices               |
1503  |Info:    ------------------------------------------------------
1505  |Info:    ------------------------------------------------------
1505  |Info:    |                Detection completed                 |
1505  |Info:    ------------------------------------------------------
