    OpenRGB v0.9
    Commit:  from 
    Launched: 20240612_173947
====================================================================================================

1013  |Info:    ------------------------------------------------------
1013  |Info:    |               Start device detection               |
1013  |Info:    ------------------------------------------------------
1013  |Info:    Initializing HID interfaces: Success
1020  |Info:    ------------------------------------------------------
1020  |Info:    |             Detecting I2C interfaces               |
1020  |Info:    ------------------------------------------------------
1020  |Info:    Registering I2C interface: /dev/i2c-3 Device 8086:9BC8 Subsystem: 103C:8719
1020  |Info:    Registering I2C interface: /dev/i2c-1 Device 8086:9BC8 Subsystem: 103C:8719
1020  |Warning: [i2c_smbus_linux] Failed to read i2c device PCI device ID
1021  |Info:    Registering I2C interface: /dev/i2c-6 Device 0000:0000 Subsystem: 0000:0000
1021  |Info:    Registering I2C interface: /dev/i2c-4 Device 8086:9BC8 Subsystem: 103C:8719
1021  |Info:    Registering I2C interface: /dev/i2c-2 Device 8086:9BC8 Subsystem: 103C:8719
1021  |Info:    Registering I2C interface: /dev/i2c-0 Device 8086:06A3 Subsystem: 103C:8719
1021  |Warning: [i2c_smbus_linux] Failed to read i2c device PCI device ID
1021  |Info:    Registering I2C interface: /dev/i2c-5 Device 0000:0000 Subsystem: 0000:0000
1021  |Info:    ------------------------------------------------------
1021  |Info:    |               Detecting I2C devices                |
1021  |Info:    ------------------------------------------------------
1407  |Info:    ------------------------------------------------------
1407  |Info:    |               Detecting I2C PCI devices            |
1407  |Info:    ------------------------------------------------------
1409  |Info:    ------------------------------------------------------
1409  |Info:    |               Detecting HID devices                |
1409  |Info:    ------------------------------------------------------
1410  |Info:    [Logitech G512 RGB] Registering RGB controller
1410  |Info:    ------------------------------------------------------
1410  |Info:    |            Detecting libusb HID devices            |
1410  |Info:    ------------------------------------------------------
1419  |Info:    ------------------------------------------------------
1419  |Info:    |              Detecting other devices               |
1419  |Info:    ------------------------------------------------------
1428  |Info:    ------------------------------------------------------
1428  |Info:    |                Detection completed                 |
1428  |Info:    ------------------------------------------------------
