    OpenRGB v0.9
    Commit:  from 
    Launched: 20240427_165615
====================================================================================================

1013  |Info:    ------------------------------------------------------
1013  |Info:    |               Start device detection               |
1013  |Info:    ------------------------------------------------------
1013  |Info:    Initializing HID interfaces: Success
1017  |Info:    ------------------------------------------------------
1017  |Info:    |             Detecting I2C interfaces               |
1017  |Info:    ------------------------------------------------------
1018  |Info:    Registering I2C interface: /dev/i2c-3 Device 8086:9BC8 Subsystem: 103C:8719
1018  |Info:    Registering I2C interface: /dev/i2c-1 Device 8086:9BC8 Subsystem: 103C:8719
1018  |Warning: [i2c_smbus_linux] Failed to read i2c device PCI device ID
1018  |Info:    Registering I2C interface: /dev/i2c-6 Device 0000:0000 Subsystem: 0000:0000
1018  |Info:    Registering I2C interface: /dev/i2c-4 Device 8086:9BC8 Subsystem: 103C:8719
1018  |Info:    Registering I2C interface: /dev/i2c-2 Device 8086:9BC8 Subsystem: 103C:8719
1018  |Info:    Registering I2C interface: /dev/i2c-0 Device 8086:06A3 Subsystem: 103C:8719
1018  |Warning: [i2c_smbus_linux] Failed to read i2c device PCI device ID
1018  |Info:    Registering I2C interface: /dev/i2c-5 Device 0000:0000 Subsystem: 0000:0000
1018  |Info:    ------------------------------------------------------
1018  |Info:    |               Detecting I2C devices                |
1018  |Info:    ------------------------------------------------------
1489  |Info:    ------------------------------------------------------
1489  |Info:    |               Detecting I2C PCI devices            |
1489  |Info:    ------------------------------------------------------
1490  |Info:    ------------------------------------------------------
1490  |Info:    |               Detecting HID devices                |
1490  |Info:    ------------------------------------------------------
1490  |Info:    [Logitech G512 RGB] Registering RGB controller
1490  |Info:    ------------------------------------------------------
1490  |Info:    |            Detecting libusb HID devices            |
1490  |Info:    ------------------------------------------------------
1500  |Info:    ------------------------------------------------------
1500  |Info:    |              Detecting other devices               |
1500  |Info:    ------------------------------------------------------
1505  |Info:    ------------------------------------------------------
1505  |Info:    |                Detection completed                 |
1505  |Info:    ------------------------------------------------------
