    OpenRGB v0.9
    Commit:  from 
    Launched: 20240423_063838
====================================================================================================

1003  |Info:    ------------------------------------------------------
1003  |Info:    |               Start device detection               |
1003  |Info:    ------------------------------------------------------
1004  |Info:    Initializing HID interfaces: Success
1007  |Info:    ------------------------------------------------------
1007  |Info:    |             Detecting I2C interfaces               |
1007  |Info:    ------------------------------------------------------
1009  |Info:    Registering I2C interface: /dev/i2c-3 Device 8086:9BC8 Subsystem: 103C:8719
1009  |Info:    Registering I2C interface: /dev/i2c-1 Device 8086:9BC8 Subsystem: 103C:8719
1009  |Warning: [i2c_smbus_linux] Failed to read i2c device PCI device ID
1009  |Info:    Registering I2C interface: /dev/i2c-6 Device 0000:0000 Subsystem: 0000:0000
1009  |Info:    Registering I2C interface: /dev/i2c-4 Device 8086:9BC8 Subsystem: 103C:8719
1009  |Info:    Registering I2C interface: /dev/i2c-2 Device 8086:9BC8 Subsystem: 103C:8719
1010  |Info:    Registering I2C interface: /dev/i2c-0 Device 8086:06A3 Subsystem: 103C:8719
1010  |Warning: [i2c_smbus_linux] Failed to read i2c device PCI device ID
1010  |Info:    Registering I2C interface: /dev/i2c-5 Device 0000:0000 Subsystem: 0000:0000
1010  |Info:    ------------------------------------------------------
1010  |Info:    |               Detecting I2C devices                |
1010  |Info:    ------------------------------------------------------
1491  |Info:    ------------------------------------------------------
1491  |Info:    |               Detecting I2C PCI devices            |
1491  |Info:    ------------------------------------------------------
1492  |Info:    ------------------------------------------------------
1492  |Info:    |               Detecting HID devices                |
1492  |Info:    ------------------------------------------------------
1493  |Info:    [Logitech G512 RGB] Registering RGB controller
1493  |Info:    ------------------------------------------------------
1493  |Info:    |            Detecting libusb HID devices            |
1493  |Info:    ------------------------------------------------------
1508  |Info:    ------------------------------------------------------
1508  |Info:    |              Detecting other devices               |
1508  |Info:    ------------------------------------------------------
1514  |Info:    ------------------------------------------------------
1514  |Info:    |                Detection completed                 |
1514  |Info:    ------------------------------------------------------
