    OpenRGB v0.9
    Commit:  from 
    Launched: 20240718_132536
====================================================================================================

1002  |Info:    ------------------------------------------------------
1002  |Info:    |               Start device detection               |
1002  |Info:    ------------------------------------------------------
1002  |Info:    Initializing HID interfaces: Success
1003  |Info:    ------------------------------------------------------
1003  |Info:    |             Detecting I2C interfaces               |
1003  |Info:    ------------------------------------------------------
1003  |Info:    Registering I2C interface: /dev/i2c-3 Device 8086:9BC8 Subsystem: 103C:8719
1003  |Info:    Registering I2C interface: /dev/i2c-1 Device 8086:9BC8 Subsystem: 103C:8719
1003  |Warning: [i2c_smbus_linux] Failed to read i2c device PCI device ID
1003  |Info:    Registering I2C interface: /dev/i2c-6 Device 0000:0000 Subsystem: 0000:0000
1003  |Info:    Registering I2C interface: /dev/i2c-4 Device 8086:9BC8 Subsystem: 103C:8719
1003  |Info:    Registering I2C interface: /dev/i2c-2 Device 8086:9BC8 Subsystem: 103C:8719
1004  |Info:    Registering I2C interface: /dev/i2c-0 Device 8086:06A3 Subsystem: 103C:8719
1004  |Warning: [i2c_smbus_linux] Failed to read i2c device PCI device ID
1004  |Info:    Registering I2C interface: /dev/i2c-5 Device 0000:0000 Subsystem: 0000:0000
1004  |Info:    ------------------------------------------------------
1004  |Info:    |               Detecting I2C devices                |
1004  |Info:    ------------------------------------------------------
1386  |Info:    ------------------------------------------------------
1386  |Info:    |               Detecting I2C PCI devices            |
1386  |Info:    ------------------------------------------------------
1387  |Info:    ------------------------------------------------------
1387  |Info:    |               Detecting HID devices                |
1387  |Info:    ------------------------------------------------------
1388  |Info:    [Logitech G512 RGB] Registering RGB controller
1388  |Info:    ------------------------------------------------------
1388  |Info:    |            Detecting libusb HID devices            |
1388  |Info:    ------------------------------------------------------
1396  |Info:    ------------------------------------------------------
1396  |Info:    |              Detecting other devices               |
1396  |Info:    ------------------------------------------------------
1401  |Info:    ------------------------------------------------------
1401  |Info:    |                Detection completed                 |
1401  |Info:    ------------------------------------------------------
