    OpenRGB v0.9
    Commit:  from 
    Launched: 20240628_150537
====================================================================================================

1002  |Info:    ------------------------------------------------------
1002  |Info:    |               Start device detection               |
1002  |Info:    ------------------------------------------------------
1002  |Info:    Initializing HID interfaces: Success
1004  |Info:    ------------------------------------------------------
1004  |Info:    |             Detecting I2C interfaces               |
1004  |Info:    ------------------------------------------------------
1004  |Info:    Registering I2C interface: /dev/i2c-3 Device 8086:9BC8 Subsystem: 103C:8719
1004  |Info:    Registering I2C interface: /dev/i2c-1 Device 8086:9BC8 Subsystem: 103C:8719
1004  |Warning: [i2c_smbus_linux] Failed to read i2c device PCI device ID
1004  |Info:    Registering I2C interface: /dev/i2c-6 Device 0000:0000 Subsystem: 0000:0000
1004  |Info:    Registering I2C interface: /dev/i2c-4 Device 8086:9BC8 Subsystem: 103C:8719
1004  |Info:    Registering I2C interface: /dev/i2c-2 Device 8086:9BC8 Subsystem: 103C:8719
1004  |Info:    Registering I2C interface: /dev/i2c-0 Device 8086:06A3 Subsystem: 103C:8719
1004  |Warning: [i2c_smbus_linux] Failed to read i2c device PCI device ID
1004  |Info:    Registering I2C interface: /dev/i2c-5 Device 0000:0000 Subsystem: 0000:0000
1004  |Info:    ------------------------------------------------------
1004  |Info:    |               Detecting I2C devices                |
1004  |Info:    ------------------------------------------------------
1384  |Info:    ------------------------------------------------------
1384  |Info:    |               Detecting I2C PCI devices            |
1384  |Info:    ------------------------------------------------------
1385  |Info:    ------------------------------------------------------
1385  |Info:    |               Detecting HID devices                |
1385  |Info:    ------------------------------------------------------
1385  |Info:    [Logitech G512 RGB] Registering RGB controller
1386  |Info:    ------------------------------------------------------
1386  |Info:    |            Detecting libusb HID devices            |
1386  |Info:    ------------------------------------------------------
1390  |Info:    ------------------------------------------------------
1390  |Info:    |              Detecting other devices               |
1390  |Info:    ------------------------------------------------------
1392  |Info:    ------------------------------------------------------
1392  |Info:    |                Detection completed                 |
1392  |Info:    ------------------------------------------------------
121908|Info:    ------------------------------------------------------
121908|Info:    |               Start device detection               |
121908|Info:    ------------------------------------------------------
121909|Info:    Initializing HID interfaces: Success
121911|Info:    ------------------------------------------------------
121911|Info:    |             Detecting I2C interfaces               |
121911|Info:    ------------------------------------------------------
121911|Info:    Registering I2C interface: /dev/i2c-3 Device 8086:9BC8 Subsystem: 103C:8719
121911|Info:    Registering I2C interface: /dev/i2c-1 Device 8086:9BC8 Subsystem: 103C:8719
121911|Warning: [i2c_smbus_linux] Failed to read i2c device PCI device ID
121911|Info:    Registering I2C interface: /dev/i2c-6 Device 0000:0000 Subsystem: 0000:0000
121911|Info:    Registering I2C interface: /dev/i2c-4 Device 8086:9BC8 Subsystem: 103C:8719
121911|Info:    Registering I2C interface: /dev/i2c-2 Device 8086:9BC8 Subsystem: 103C:8719
121911|Info:    Registering I2C interface: /dev/i2c-0 Device 8086:06A3 Subsystem: 103C:8719
121911|Warning: [i2c_smbus_linux] Failed to read i2c device PCI device ID
121911|Info:    Registering I2C interface: /dev/i2c-5 Device 0000:0000 Subsystem: 0000:0000
121911|Info:    ------------------------------------------------------
121912|Info:    |               Detecting I2C devices                |
121912|Info:    ------------------------------------------------------
122293|Info:    ------------------------------------------------------
122293|Info:    |               Detecting I2C PCI devices            |
122293|Info:    ------------------------------------------------------
122293|Info:    ------------------------------------------------------
122293|Info:    |               Detecting HID devices                |
122293|Info:    ------------------------------------------------------
122295|Info:    [Logitech G512 RGB] Registering RGB controller
122295|Info:    ------------------------------------------------------
122295|Info:    |            Detecting libusb HID devices            |
122295|Info:    ------------------------------------------------------
122311|Info:    ------------------------------------------------------
122311|Info:    |              Detecting other devices               |
122311|Info:    ------------------------------------------------------
122312|Info:    ------------------------------------------------------
122312|Info:    |                Detection completed                 |
122312|Info:    ------------------------------------------------------
