    OpenRGB v0.9
    Commit:  from 
    Launched: 20240403_071459
====================================================================================================

1017  |Info:    ------------------------------------------------------
1017  |Info:    |               Start device detection               |
1017  |Info:    ------------------------------------------------------
1017  |Info:    Initializing HID interfaces: Success
1021  |Info:    ------------------------------------------------------
1021  |Info:    |             Detecting I2C interfaces               |
1021  |Info:    ------------------------------------------------------
1022  |Info:    Registering I2C interface: /dev/i2c-3 Device 8086:9BC8 Subsystem: 103C:8719
1022  |Info:    Registering I2C interface: /dev/i2c-1 Device 8086:9BC8 Subsystem: 103C:8719
1022  |Warning: [i2c_smbus_linux] Failed to read i2c device PCI device ID
1022  |Info:    Registering I2C interface: /dev/i2c-6 Device 0000:0000 Subsystem: 0000:0000
1022  |Info:    Registering I2C interface: /dev/i2c-4 Device 8086:9BC8 Subsystem: 103C:8719
1022  |Info:    Registering I2C interface: /dev/i2c-2 Device 8086:9BC8 Subsystem: 103C:8719
1022  |Info:    Registering I2C interface: /dev/i2c-0 Device 8086:06A3 Subsystem: 103C:8719
1022  |Warning: [i2c_smbus_linux] Failed to read i2c device PCI device ID
1022  |Info:    Registering I2C interface: /dev/i2c-5 Device 0000:0000 Subsystem: 0000:0000
1022  |Info:    ------------------------------------------------------
1022  |Info:    |               Detecting I2C devices                |
1022  |Info:    ------------------------------------------------------
1495  |Info:    ------------------------------------------------------
1502  |Info:    |               Detecting I2C PCI devices            |
1502  |Info:    ------------------------------------------------------
1503  |Info:    ------------------------------------------------------
1503  |Info:    |               Detecting HID devices                |
1503  |Info:    ------------------------------------------------------
1508  |Info:    [Logitech G512 RGB] Registering RGB controller
1508  |Info:    ------------------------------------------------------
1508  |Info:    |            Detecting libusb HID devices            |
1508  |Info:    ------------------------------------------------------
1569  |Info:    ------------------------------------------------------
1569  |Info:    |              Detecting other devices               |
1569  |Info:    ------------------------------------------------------
1575  |Info:    ------------------------------------------------------
1575  |Info:    |                Detection completed                 |
1575  |Info:    ------------------------------------------------------
