    OpenRGB v0.9
    Commit:  from 
    Launched: 20240403_071502
====================================================================================================

1023  |Info:    ------------------------------------------------------
1023  |Info:    |               Start device detection               |
1023  |Info:    ------------------------------------------------------
1023  |Info:    Initializing HID interfaces: Success
1029  |Info:    ------------------------------------------------------
1029  |Info:    |             Detecting I2C interfaces               |
1029  |Info:    ------------------------------------------------------
1029  |Info:    Registering I2C interface: /dev/i2c-3 Device 8086:9BC8 Subsystem: 103C:8719
1029  |Info:    Registering I2C interface: /dev/i2c-1 Device 8086:9BC8 Subsystem: 103C:8719
1029  |Warning: [i2c_smbus_linux] Failed to read i2c device PCI device ID
1029  |Info:    Registering I2C interface: /dev/i2c-6 Device 0000:0000 Subsystem: 0000:0000
1029  |Info:    Registering I2C interface: /dev/i2c-4 Device 8086:9BC8 Subsystem: 103C:8719
1030  |Info:    Registering I2C interface: /dev/i2c-2 Device 8086:9BC8 Subsystem: 103C:8719
1030  |Info:    Registering I2C interface: /dev/i2c-0 Device 8086:06A3 Subsystem: 103C:8719
1030  |Warning: [i2c_smbus_linux] Failed to read i2c device PCI device ID
1030  |Info:    Registering I2C interface: /dev/i2c-5 Device 0000:0000 Subsystem: 0000:0000
1030  |Info:    ------------------------------------------------------
1030  |Info:    |               Detecting I2C devices                |
1030  |Info:    ------------------------------------------------------
1508  |Info:    ------------------------------------------------------
1508  |Info:    |               Detecting I2C PCI devices            |
1508  |Info:    ------------------------------------------------------
1509  |Info:    ------------------------------------------------------
1509  |Info:    |               Detecting HID devices                |
1509  |Info:    ------------------------------------------------------
1511  |Info:    [Logitech G512 RGB] Registering RGB controller
1511  |Info:    ------------------------------------------------------
1511  |Info:    |            Detecting libusb HID devices            |
1511  |Info:    ------------------------------------------------------
1531  |Info:    ------------------------------------------------------
1531  |Info:    |              Detecting other devices               |
1531  |Info:    ------------------------------------------------------
1537  |Info:    ------------------------------------------------------
1537  |Info:    |                Detection completed                 |
1537  |Info:    ------------------------------------------------------
