    OpenRGB v0.9
    Commit:  from 
    Launched: 20240823_152408
====================================================================================================

1005  |Info:    ------------------------------------------------------
1005  |Info:    |               Start device detection               |
1005  |Info:    ------------------------------------------------------
1005  |Info:    Initializing HID interfaces: Success
1012  |Info:    ------------------------------------------------------
1012  |Info:    |             Detecting I2C interfaces               |
1012  |Info:    ------------------------------------------------------
1023  |Info:    Registering I2C interface: /dev/i2c-3 Device 8086:9BC8 Subsystem: 103C:8719
1023  |Info:    Registering I2C interface: /dev/i2c-1 Device 8086:9BC8 Subsystem: 103C:8719
1023  |Warning: [i2c_smbus_linux] Failed to read i2c device PCI device ID
1023  |Info:    Registering I2C interface: /dev/i2c-6 Device 0000:0000 Subsystem: 0000:0000
1023  |Info:    Registering I2C interface: /dev/i2c-4 Device 8086:9BC8 Subsystem: 103C:8719
1023  |Info:    Registering I2C interface: /dev/i2c-2 Device 8086:9BC8 Subsystem: 103C:8719
1023  |Info:    Registering I2C interface: /dev/i2c-0 Device 8086:06A3 Subsystem: 103C:8719
1023  |Warning: [i2c_smbus_linux] Failed to read i2c device PCI device ID
1023  |Info:    Registering I2C interface: /dev/i2c-5 Device 0000:0000 Subsystem: 0000:0000
1023  |Info:    ------------------------------------------------------
1023  |Info:    |               Detecting I2C devices                |
1023  |Info:    ------------------------------------------------------
1428  |Info:    ------------------------------------------------------
1428  |Info:    |               Detecting I2C PCI devices            |
1428  |Info:    ------------------------------------------------------
1429  |Info:    ------------------------------------------------------
1429  |Info:    |               Detecting HID devices                |
1429  |Info:    ------------------------------------------------------
1430  |Info:    [Logitech G512 RGB] Registering RGB controller
1430  |Info:    ------------------------------------------------------
1430  |Info:    |            Detecting libusb HID devices            |
1430  |Info:    ------------------------------------------------------
1446  |Info:    ------------------------------------------------------
1446  |Info:    |              Detecting other devices               |
1446  |Info:    ------------------------------------------------------
1455  |Info:    ------------------------------------------------------
1455  |Info:    |                Detection completed                 |
1455  |Info:    ------------------------------------------------------
