    OpenRGB v0.9
    Commit:  from 
    Launched: 20240617_213437
====================================================================================================

1010  |Info:    ------------------------------------------------------
1010  |Info:    |               Start device detection               |
1010  |Info:    ------------------------------------------------------
1011  |Info:    Initializing HID interfaces: Success
1017  |Info:    ------------------------------------------------------
1017  |Info:    |             Detecting I2C interfaces               |
1017  |Info:    ------------------------------------------------------
1017  |Info:    Registering I2C interface: /dev/i2c-3 Device 8086:9BC8 Subsystem: 103C:8719
1017  |Info:    Registering I2C interface: /dev/i2c-1 Device 8086:9BC8 Subsystem: 103C:8719
1017  |Warning: [i2c_smbus_linux] Failed to read i2c device PCI device ID
1017  |Info:    Registering I2C interface: /dev/i2c-6 Device 0000:0000 Subsystem: 0000:0000
1017  |Info:    Registering I2C interface: /dev/i2c-4 Device 8086:9BC8 Subsystem: 103C:8719
1017  |Info:    Registering I2C interface: /dev/i2c-2 Device 8086:9BC8 Subsystem: 103C:8719
1017  |Info:    Registering I2C interface: /dev/i2c-0 Device 8086:06A3 Subsystem: 103C:8719
1017  |Warning: [i2c_smbus_linux] Failed to read i2c device PCI device ID
1017  |Info:    Registering I2C interface: /dev/i2c-5 Device 0000:0000 Subsystem: 0000:0000
1017  |Info:    ------------------------------------------------------
1017  |Info:    |               Detecting I2C devices                |
1017  |Info:    ------------------------------------------------------
1422  |Info:    ------------------------------------------------------
1422  |Info:    |               Detecting I2C PCI devices            |
1422  |Info:    ------------------------------------------------------
1422  |Info:    ------------------------------------------------------
1422  |Info:    |               Detecting HID devices                |
1422  |Info:    ------------------------------------------------------
1423  |Info:    [Logitech G512 RGB] Registering RGB controller
1423  |Info:    ------------------------------------------------------
1423  |Info:    |            Detecting libusb HID devices            |
1423  |Info:    ------------------------------------------------------
1431  |Info:    ------------------------------------------------------
1431  |Info:    |              Detecting other devices               |
1431  |Info:    ------------------------------------------------------
1436  |Info:    ------------------------------------------------------
1436  |Info:    |                Detection completed                 |
1436  |Info:    ------------------------------------------------------
