    OpenRGB v0.9
    Commit:  from 
    Launched: 20240613_160733
====================================================================================================

1005  |Info:    ------------------------------------------------------
1005  |Info:    |               Start device detection               |
1005  |Info:    ------------------------------------------------------
1006  |Info:    Initializing HID interfaces: Success
1008  |Info:    ------------------------------------------------------
1008  |Info:    |             Detecting I2C interfaces               |
1008  |Info:    ------------------------------------------------------
1008  |Info:    Registering I2C interface: /dev/i2c-3 Device 8086:9BC8 Subsystem: 103C:8719
1008  |Info:    Registering I2C interface: /dev/i2c-1 Device 8086:9BC8 Subsystem: 103C:8719
1008  |Warning: [i2c_smbus_linux] Failed to read i2c device PCI device ID
1008  |Info:    Registering I2C interface: /dev/i2c-6 Device 0000:0000 Subsystem: 0000:0000
1008  |Info:    Registering I2C interface: /dev/i2c-4 Device 8086:9BC8 Subsystem: 103C:8719
1008  |Info:    Registering I2C interface: /dev/i2c-2 Device 8086:9BC8 Subsystem: 103C:8719
1008  |Info:    Registering I2C interface: /dev/i2c-0 Device 8086:06A3 Subsystem: 103C:8719
1008  |Warning: [i2c_smbus_linux] Failed to read i2c device PCI device ID
1008  |Info:    Registering I2C interface: /dev/i2c-5 Device 0000:0000 Subsystem: 0000:0000
1008  |Info:    ------------------------------------------------------
1008  |Info:    |               Detecting I2C devices                |
1008  |Info:    ------------------------------------------------------
1407  |Info:    ------------------------------------------------------
1407  |Info:    |               Detecting I2C PCI devices            |
1407  |Info:    ------------------------------------------------------
1408  |Info:    ------------------------------------------------------
1408  |Info:    |               Detecting HID devices                |
1408  |Info:    ------------------------------------------------------
1408  |Info:    [Logitech G512 RGB] Registering RGB controller
1408  |Info:    ------------------------------------------------------
1408  |Info:    |            Detecting libusb HID devices            |
1408  |Info:    ------------------------------------------------------
1414  |Info:    ------------------------------------------------------
1414  |Info:    |              Detecting other devices               |
1414  |Info:    ------------------------------------------------------
1418  |Info:    ------------------------------------------------------
1418  |Info:    |                Detection completed                 |
1418  |Info:    ------------------------------------------------------
